Arguments: 
  /usr/bin/node /usr/share/yarn/bin/yarn.js init

PATH: 
  /home/lvrbrtsn/.yarn/bin:/home/lvrbrtsn/.rbenv/plugins/ruby-build/bin:/home/lvrbrtsn/.rbenv/shims:/home/lvrbrtsn/.rbenv/bin:/home/lvrbrtsn/.yarn/bin:/home/lvrbrtsn/.rbenv/plugins/ruby-build/bin:/home/lvrbrtsn/.rbenv/shims:/home/lvrbrtsn/.rbenv/bin:/home/lvrbrtsn/.npm-global/bin:/home/lvrbrtsn/bin:/home/lvrbrtsn/.local/bin:/usr/local/sbin:/usr/local/bin:/usr/sbin:/usr/bin:/sbin:/bin:/usr/games:/usr/local/games:/snap/bin:/home/lvrbrtsn/.fzf/bin

Yarn version: 
  1.3.2

Node version: 
  8.9.1

Platform: 
  linux x64

npm manifest: 
  No manifest

yarn manifest: 
  No manifest

Lockfile: 
  No lockfile

Trace: 
  Error: canceled
      at Interface.<anonymous> (/usr/share/yarn/lib/cli.js:121045:13)
      at emitNone (events.js:106:13)
      at Interface.emit (events.js:208:7)
      at Interface._ttyWrite (readline.js:775:16)
      at ReadStream.onkeypress (readline.js:160:10)
      at emitTwo (events.js:126:13)
      at ReadStream.emit (events.js:214:7)
      at emitKeys (internal/readline.js:420:14)
      at emitKeys.next (<anonymous>)
      at ReadStream.onData (readline.js:1011:36)
